
> @milpers/public-site@0.0.0 build /workspaces/milpres/apps/public-site
> next build

   ▲ Next.js 15.0.7

   Creating an optimized production build ...
 ✓ Compiled successfully
   Linting and checking validity of types ...
   Collecting page data ...
   Generating static pages (0/3) ...
 ✓ Generating static pages (3/3)
   Finalizing page optimization ...
   Collecting build traces ...

Route (app)                              Size     First Load JS
┌ ○ /_not-found                          898 B           101 kB
├ ƒ /[tenantSlug]/arsip/[year]/[month]   183 B           109 kB
├ ƒ /[tenantSlug]/berita                 183 B           109 kB
├ ƒ /[tenantSlug]/berita/[slug]          1.01 kB         110 kB
├ ƒ /[tenantSlug]/cari                   183 B           109 kB
├ ƒ /[tenantSlug]/galeri                 2.06 kB         102 kB
├ ƒ /[tenantSlug]/galeri/video           183 B           109 kB
├ ƒ /[tenantSlug]/kalender               155 B           100 kB
├ ƒ /[tenantSlug]/kontak                 155 B           100 kB
├ ƒ /[tenantSlug]/profil                 155 B           100 kB
├ ƒ /[tenantSlug]/rss                    155 B           100 kB
├ ƒ /[tenantSlug]/rss/[category]         155 B           100 kB
├ ƒ /[tenantSlug]/sejarah                155 B           100 kB
├ ƒ /[tenantSlug]/sitemap.xml            0 B                0 B
├ ƒ /[tenantSlug]/struktur               155 B           100 kB
└ ƒ /api/media/[storageKey]/download     155 B           100 kB
+ First Load JS shared by all            99.8 kB
  ├ chunks/6a29cc91-e52d597c30962630.js  52.5 kB
  ├ chunks/863-c894061f77b9fac7.js       45.5 kB
  └ other shared chunks (total)          1.82 kB


○  (Static)   prerendered as static content
ƒ  (Dynamic)  server-rendered on demand

